<?xml version="1.0" encoding="UTF-8" ?>
<testsuite errors="0" failures="0" hostname="MacBook-Pro-de-rodrigo.local" name="levaetrazproject.NomeTests" tests="2" time="0.038" timestamp="2014-11-17T20:31:10">
  <properties />
  <testcase classname="levaetrazproject.NomeTests" name="test igualdade de nomes" time="0.013" />
  <testcase classname="levaetrazproject.NomeTests" name="test nome invalido" time="0.021" />
  <system-out><![CDATA[--Output from test igualdade de nomes--
--Output from test nome invalido--
]]></system-out>
  <system-err><![CDATA[--Output from test igualdade de nomes--
--Output from test nome invalido--
]]></system-err>
</testsuite>
