<?xml version="1.0" encoding="UTF-8" ?>
<testsuite errors="0" failures="0" hostname="MacBook-Pro-de-rodrigo.local" name="levaetrazproject.MapaTests" tests="1" time="0.738" timestamp="2014-11-17T20:31:10">
  <properties />
  <testcase classname="levaetrazproject.MapaTests" name="test constraints" time="0.737" />
  <system-out><![CDATA[--Output from test constraints--
]]></system-out>
  <system-err><![CDATA[--Output from test constraints--
]]></system-err>
</testsuite>
