<?xml version="1.0" encoding="UTF-8" ?>
<testsuite errors="0" failures="0" hostname="MacBook-Pro-de-rodrigo.local" name="levaetrazproject.RotaTests" tests="3" time="0.142" timestamp="2014-11-17T20:31:10">
  <properties />
  <testcase classname="levaetrazproject.RotaTests" name="test constraints" time="0.106" />
  <testcase classname="levaetrazproject.RotaTests" name="test igualdade de rotas" time="0.014" />
  <testcase classname="levaetrazproject.RotaTests" name="test uma rota criada corretamente" time="0.021" />
  <system-out><![CDATA[--Output from test constraints--
--Output from test igualdade de rotas--
--Output from test uma rota criada corretamente--
]]></system-out>
  <system-err><![CDATA[--Output from test constraints--
--Output from test igualdade de rotas--
--Output from test uma rota criada corretamente--
]]></system-err>
</testsuite>
