<?xml version="1.0" encoding="UTF-8" ?>
<testsuite errors="0" failures="0" hostname="MacBook-Pro-de-rodrigo.local" name="levaetrazproject.CombustivelTests" tests="3" time="0.027" timestamp="2014-11-17T20:31:09">
  <properties />
  <testcase classname="levaetrazproject.CombustivelTests" name="test calcular valor da compra de zero litros" time="0.007" />
  <testcase classname="levaetrazproject.CombustivelTests" name="test calcular valor da compra de um litro" time="0.01" />
  <testcase classname="levaetrazproject.CombustivelTests" name="test calcular valor da compra de dois litros" time="0.01" />
  <system-out><![CDATA[--Output from test calcular valor da compra de zero litros--
--Output from test calcular valor da compra de um litro--
--Output from test calcular valor da compra de dois litros--
]]></system-out>
  <system-err><![CDATA[--Output from test calcular valor da compra de zero litros--
--Output from test calcular valor da compra de um litro--
--Output from test calcular valor da compra de dois litros--
]]></system-err>
</testsuite>
