<?xml version="1.0" encoding="UTF-8" ?>
<testsuite errors="0" failures="0" hostname="MacBook-Pro-de-rodrigo.local" name="levaetrazproject.CaminhoTests" tests="3" time="0.039" timestamp="2014-11-17T20:31:09">
  <properties />
  <testcase classname="levaetrazproject.CaminhoTests" name="test calcular extensao de caminho com duas rotas" time="0.015" />
  <testcase classname="levaetrazproject.CaminhoTests" name="test calcular extensao de caminho com uma rota" time="0.012" />
  <testcase classname="levaetrazproject.CaminhoTests" name="test calcular extensao de caminho sem rotas" time="0.01" />
  <system-out><![CDATA[--Output from test calcular extensao de caminho com duas rotas--
--Output from test calcular extensao de caminho com uma rota--
--Output from test calcular extensao de caminho sem rotas--
]]></system-out>
  <system-err><![CDATA[--Output from test calcular extensao de caminho com duas rotas--
--Output from test calcular extensao de caminho com uma rota--
--Output from test calcular extensao de caminho sem rotas--
]]></system-err>
</testsuite>
