<?xml version="1.0" encoding="UTF-8" ?>
<testsuite errors="0" failures="0" hostname="MacBook-Pro-de-rodrigo.local" name="levaetrazproject.LocalTests" tests="1" time="0.024" timestamp="2014-11-17T20:31:10">
  <properties />
  <testcase classname="levaetrazproject.LocalTests" name="test igualdade de locais" time="0.024" />
  <system-out><![CDATA[--Output from test igualdade de locais--
]]></system-out>
  <system-err><![CDATA[--Output from test igualdade de locais--
]]></system-err>
</testsuite>
